<?xml version="1.0" encoding="UTF-8"?>
<beans xmlns="http://www.springframework.org/schema/beans"
	xmlns:xsi="http://www.w3.org/2001/XMLSchema-instance"
  xmlns:util="http://www.springframework.org/schema/util"
	xsi:schemaLocation="http://www.springframework.org/schema/beans http://www.springframework.org/schema/beans/spring-beans.xsd
		http://www.springframework.org/schema/util http://www.springframework.org/schema/util/spring-util-3.1.xsd"
	default-lazy-init="true">
	
	<bean
    class="org.springframework.beans.factory.config.MethodInvokingFactoryBean">
    <property
        name="targetObject">
        <!-- System.getProperties() -->
        <bean
            class="org.springframework.beans.factory.config.MethodInvokingFactoryBean">
            <property name="targetClass" value="java.lang.System" />
            <property name="targetMethod" value="getProperties" />
        </bean>
    </property>
    <property
        name="targetMethod"
        value="putAll" />
    <property
        name="arguments">
        <!-- The new Properties -->
        <util:properties>
            <prop key="warwick.ehcache.disk.store.dir">${user.dir}/target/junit-ehcache</prop>
            <prop key="warwick.ehcache.config">/ehcache-config.xml</prop>
        </util:properties>
    </property>
	</bean>
	
</beans>